2018-07-17 22:58:14,534 INFO  [SitePage] Перевіряємо валюту 
2018-07-17 23:14:57,774 INFO  [SitePage] Перевіряємо валюту 
2018-07-17 23:14:58,131 INFO  [SitePage] Відкриваєм випадаючий список валют 
2018-07-17 23:15:01,596 INFO  [SitePage] Встановлюємо валюту USD 
2018-07-17 23:15:03,079 INFO  [SitePage] Виконуємо пошук в каталозі 
2018-07-17 23:15:03,114 INFO  [SitePage] Перевіряємо чи сторінка "Результати пошуку"  містить напис "Товаров: Х"  
2018-07-17 23:15:03,134 INFO  [SitePage] Перевіряємо чи в написі "Товаров: Х" Х відповідає дійсно знайденим товарам  
2018-07-17 23:15:03,187 INFO  [SitePage] Перевіряємо чи ціна показаних товарів відображається в доларах 
2018-07-17 23:15:03,487 INFO  [SitePage] Відкриваємо випадаючий список з варіантами сортування товару 
2018-07-17 23:15:05,607 INFO  [SitePage] Іибераємо сортування "Від високої до низької"  
2018-07-17 23:15:07,633 INFO  [SitePage] Перевіряємо чи товари відсортовані правильно по ціні, з урахуванням що у товарів зі знижкою, ціна при сортуванні використовується без знижки 
2018-07-17 23:15:07,849 INFO  [SitePage] Перевіряємо, що в товарів зі знижкою, ціна до і після знижки співпадає з вказаним розміром знижки 
2018-07-17 23:21:20,642 INFO  [SitePage] Перевіряємо, чи ціна в секції "Популярні товари" вказана у відповідності з встановленою валютою в шапці сайту. 
2018-07-17 23:21:21,013 INFO  [SitePage] Відкриваємо випадаючий список валют. 
2018-07-17 23:21:24,548 INFO  [SitePage] Встановлюємо валюту USD. 
2018-07-17 23:21:26,190 INFO  [SitePage] Виконуємо пошук в каталозі. 
2018-07-17 23:21:26,225 INFO  [SitePage] Перевіряємо, чи сторінка "Результати пошуку"  містить напис "Товаров: Х". 
2018-07-17 23:21:26,242 INFO  [SitePage] Перевіряємо, чи в написі "Товаров: Х" Х відповідає дійсно знайденим товарам. 
2018-07-17 23:21:26,270 INFO  [SitePage] Перевіряємо, чи ціна показаних товарів відображається в доларах. 
2018-07-17 23:21:26,577 INFO  [SitePage] Відкриваємо випадаючий список з варіантами сортування товару. 
2018-07-17 23:21:28,693 INFO  [SitePage] Вибираємо сортування "Від високої до низької". 
2018-07-17 23:21:30,721 INFO  [SitePage] Перевіряємо, чи товари відсортовані правильно по ціні, з урахуванням того що у товарів зі знижкою, ціна при сортуванні використовується без знижки 
2018-07-17 23:21:30,989 INFO  [SitePage] Перевіряємо, що в товарів зі знижкою, ціна до і після знижки співпадає з вказаним розміром знижки. 
2018-07-17 23:24:35,928 INFO  [SitePage] Перевіряємо, чи ціна в секції "Популярні товари" вказана у відповідності з встановленою валютою в шапці сайту. 
2018-07-17 23:24:36,276 INFO  [SitePage] Відкриваємо випадаючий список валют. 
2018-07-17 23:24:39,570 INFO  [SitePage] Встановлюємо валюту USD. 
2018-07-17 23:24:41,383 INFO  [SitePage] Виконуємо пошук в каталозі. 
2018-07-17 23:24:41,419 INFO  [SitePage] Перевіряємо, чи сторінка "Результати пошуку"  містить напис "Товаров: Х". 
2018-07-17 23:24:41,439 INFO  [SitePage] Перевіряємо, чи в написі "Товаров: Х" Х відповідає дійсно знайденим товарам. 
2018-07-17 23:24:41,462 INFO  [SitePage] Перевіряємо, чи ціна показаних товарів відображається в доларах. 
2018-07-17 23:24:41,776 INFO  [SitePage] Відкриваємо випадаючий список з варіантами сортування товару. 
2018-07-17 23:24:43,924 INFO  [SitePage] Вибираємо сортування "Від високої до низької". 
2018-07-17 23:24:45,953 INFO  [SitePage] Перевіряємо, чи товари відсортовані правильно по ціні, з урахуванням того що у товарів зі знижкою, ціна при сортуванні використовується без знижки 
2018-07-17 23:24:46,166 INFO  [SitePage] Перевіряємо, що в товарів зі знижкою, ціна до і після знижки співпадає з вказаним розміром знижки. 
2018-07-17 23:27:20,566 INFO  [SitePage] Перевіряємо, чи ціна в секції "Популярні товари" вказана у відповідності з встановленою валютою в шапці сайту. 
2018-07-17 23:27:20,958 INFO  [SitePage] Відкриваємо випадаючий список валют. 
2018-07-17 23:27:24,380 INFO  [SitePage] Встановлюємо валюту USD. 
2018-07-17 23:27:25,816 INFO  [SitePage] Виконуємо пошук в каталозі. 
2018-07-17 23:27:25,862 INFO  [SitePage] Перевіряємо, чи сторінка "Результати пошуку"  містить напис "Товаров: Х". 
2018-07-17 23:27:25,880 INFO  [SitePage] Перевіряємо, чи в написі "Товаров: Х" Х відповідає дійсно знайденим товарам. 
2018-07-17 23:27:25,905 INFO  [SitePage] Перевіряємо, чи ціна показаних товарів відображається в доларах. 
2018-07-17 23:27:26,260 INFO  [SitePage] Відкриваємо випадаючий список з варіантами сортування товару. 
2018-07-17 23:27:28,387 INFO  [SitePage] Вибираємо сортування "Від високої до низької". 
2018-07-17 23:27:30,416 INFO  [SitePage] Перевіряємо, чи товари відсортовані правильно по ціні, з урахуванням того що у товарів зі знижкою, ціна при сортуванні використовується без знижки 
2018-07-17 23:27:30,641 INFO  [SitePage] Перевіряємо, що в товарів зі знижкою, ціна до і після знижки співпадає з вказаним розміром знижки. 
2018-07-17 23:30:49,603 INFO  [SitePage] Перевіряємо, чи ціна в секції "Популярні товари" вказана у відповідності з встановленою валютою в шапці сайту. 
2018-07-17 23:30:50,027 INFO  [SitePage] Відкриваємо випадаючий список валют. 
2018-07-17 23:30:53,621 INFO  [SitePage] Встановлюємо валюту USD. 
2018-07-17 23:30:55,291 INFO  [SitePage] Виконуємо пошук в каталозі. 
2018-07-17 23:30:55,335 INFO  [SitePage] Перевіряємо, чи сторінка "Результати пошуку"  містить напис "Товаров: Х". 
2018-07-17 23:30:55,354 INFO  [SitePage] Перевіряємо, чи в написі "Товаров: Х" Х відповідає дійсно знайденим товарам. 
2018-07-17 23:30:55,381 INFO  [SitePage] Перевіряємо, чи ціна показаних товарів відображається в доларах. 
2018-07-17 23:30:55,707 INFO  [SitePage] Відкриваємо випадаючий список з варіантами сортування товару. 
2018-07-17 23:30:57,859 INFO  [SitePage] Вибираємо сортування "Від високої до низької". 
2018-07-17 23:30:59,888 INFO  [SitePage] Перевіряємо, чи товари відсортовані правильно по ціні, з урахуванням того що у товарів зі знижкою, ціна при сортуванні використовується без знижки 
2018-07-17 23:31:00,217 INFO  [SitePage] Перевіряємо, що в товарів зі знижкою, ціна до і після знижки співпадає з вказаним розміром знижки. 
2018-07-17 23:34:15,722 INFO  [SitePage] Перевіряємо, чи ціна в секції "Популярні товари" вказана у відповідності з встановленою валютою в шапці сайту. 
2018-07-17 23:34:16,125 INFO  [SitePage] Відкриваємо випадаючий список валют. 
2018-07-17 23:34:19,471 INFO  [SitePage] Встановлюємо валюту USD. 
2018-07-17 23:34:21,027 INFO  [SitePage] Виконуємо пошук в каталозі. 
2018-07-17 23:34:21,062 INFO  [SitePage] Перевіряємо, чи сторінка "Результати пошуку"  містить напис "Товаров: Х". 
2018-07-17 23:34:21,082 INFO  [SitePage] Перевіряємо, чи в написі "Товаров: Х" Х відповідає дійсно знайденим товарам. 
2018-07-17 23:34:21,117 INFO  [SitePage] Перевіряємо, чи ціна показаних товарів відображається в доларах. 
2018-07-17 23:34:21,456 INFO  [SitePage] Відкриваємо випадаючий список з варіантами сортування товару. 
2018-07-17 23:34:23,585 INFO  [SitePage] Вибираємо сортування "Від високої до низької". 
2018-07-17 23:34:25,611 INFO  [SitePage] Перевіряємо, чи товари відсортовані правильно по ціні, з урахуванням того що у товарів зі знижкою, ціна при сортуванні використовується без знижки 
2018-07-17 23:34:25,921 INFO  [SitePage] Перевіряємо, що в товарів зі знижкою, ціна до і після знижки співпадає з вказаним розміром знижки. 
2018-07-18 11:18:53,406 INFO  [SitePage] Перевіряємо, чи ціна в секції "Популярні товари" вказана у відповідності з встановленою валютою в шапці сайту. 
2018-07-18 11:18:53,818 INFO  [SitePage] Відкриваємо випадаючий список валют. 
2018-07-18 11:18:57,196 INFO  [SitePage] Встановлюємо валюту USD. 
2018-07-18 11:18:58,793 INFO  [SitePage] Виконуємо пошук в каталозі. 
2018-07-18 11:18:58,828 INFO  [SitePage] Перевіряємо, чи сторінка "Результати пошуку"  містить напис "Товаров: Х". 
2018-07-18 11:18:58,848 INFO  [SitePage] Перевіряємо, чи в написі "Товаров: Х" Х відповідає дійсно знайденим товарам. 
2018-07-18 11:18:58,873 INFO  [SitePage] Перевіряємо, чи ціна показаних товарів відображається в доларах. 
2018-07-18 11:18:59,184 INFO  [SitePage] Відкриваємо випадаючий список з варіантами сортування товару. 
2018-07-18 11:19:01,306 INFO  [SitePage] Вибираємо сортування "Від високої до низької". 
2018-07-18 11:19:03,335 INFO  [SitePage] Перевіряємо, чи товари відсортовані правильно по ціні, з урахуванням того що у товарів зі знижкою, ціна при сортуванні використовується без знижки 
2018-07-18 11:19:03,556 INFO  [SitePage] Перевіряємо, що в товарів зі знижкою, ціна до і після знижки співпадає з вказаним розміром знижки. 
2018-07-18 11:30:08,342 INFO  [PestashopTests] Відкриваємо головну сторінку сайту. 
2018-07-18 11:30:08,445 INFO  [SitePage] Перевіряємо, чи ціна в секції "Популярні товари" вказана у відповідності з встановленою валютою в шапці сайту. 
2018-07-18 11:30:08,805 INFO  [SitePage] Відкриваємо випадаючий список валют. 
2018-07-18 11:30:12,417 INFO  [SitePage] Встановлюємо валюту USD. 
2018-07-18 11:30:13,895 INFO  [SitePage] Виконуємо пошук в каталозі. 
2018-07-18 11:30:13,933 INFO  [SitePage] Перевіряємо, чи сторінка "Результати пошуку"  містить напис "Товаров: Х". 
2018-07-18 11:30:13,951 INFO  [SitePage] Перевіряємо, чи в написі "Товаров: Х" Х відповідає дійсно знайденим товарам. 
2018-07-18 11:30:13,977 INFO  [SitePage] Перевіряємо, чи ціна показаних товарів відображається в доларах. 
2018-07-18 11:30:14,280 INFO  [SitePage] Відкриваємо випадаючий список з варіантами сортування товару. 
2018-07-18 11:30:16,399 INFO  [SitePage] Вибираємо сортування "Від високої до низької". 
2018-07-18 11:30:18,430 INFO  [SitePage] Перевіряємо, чи товари відсортовані правильно по ціні, з урахуванням того що у товарів зі знижкою, ціна при сортуванні використовується без знижки 
2018-07-18 11:30:18,630 INFO  [SitePage] Перевіряємо, що в товарів зі знижкою, ціна до і після знижки співпадає з вказаним розміром знижки. 
